
**** 11/27/22 00:01:06 *********** Evaluation PSpice (Nov 1999) **************

 * C:\Users\ASUS\OneDrive - American International University-Bangladesh\Desktop\Simulation\Schematic9.sch


 ****     CIRCUIT DESCRIPTION


******************************************************************************




* Schematics Version 9.1 - Web Update 1
* Sat Nov 26 23:58:29 2022



** Analysis setup **
.tran 0ns 180ms
.OP 


* From [PSPICE NETLIST] section of pspiceev.ini:
.lib "nom.lib"

.INC "Schematic9.net"

**** INCLUDING Schematic9.net ****
* Schematics Netlist *



R_R1         $N_0002 $N_0001  8k  
V_V2         $N_0002 0  
+PULSE 0 10 0 0 0 1 
C_C1         0 $N_0001  8u  

**** RESUMING Schematic9.cir ****
.INC "Schematic9.als"



**** INCLUDING Schematic9.als ****
* Schematics Aliases *

.ALIASES
R_R1            R1(1=$N_0002 2=$N_0001 )
V_V2            V2(+=$N_0002 -=0 )
C_C1            C1(1=0 2=$N_0001 )
.ENDALIASES


**** RESUMING Schematic9.cir ****
.probe


.END

**** 11/27/22 00:01:06 *********** Evaluation PSpice (Nov 1999) **************

 * C:\Users\ASUS\OneDrive - American International University-Bangladesh\Desktop\Simulation\Schematic9.sch


 ****     SMALL SIGNAL BIAS SOLUTION       TEMPERATURE =   27.000 DEG C


******************************************************************************



 NODE   VOLTAGE     NODE   VOLTAGE     NODE   VOLTAGE     NODE   VOLTAGE


($N_0001)    0.0000                   ($N_0002)    0.0000                   




    VOLTAGE SOURCE CURRENTS
    NAME         CURRENT

    V_V2         0.000E+00

    TOTAL POWER DISSIPATION   0.00E+00  WATTS


**** 11/27/22 00:01:06 *********** Evaluation PSpice (Nov 1999) **************

 * C:\Users\ASUS\OneDrive - American International University-Bangladesh\Desktop\Simulation\Schematic9.sch


 ****     OPERATING POINT INFORMATION      TEMPERATURE =   27.000 DEG C


******************************************************************************




**** 11/27/22 00:01:06 *********** Evaluation PSpice (Nov 1999) **************

 * C:\Users\ASUS\OneDrive - American International University-Bangladesh\Desktop\Simulation\Schematic9.sch


 ****     INITIAL TRANSIENT SOLUTION       TEMPERATURE =   27.000 DEG C


******************************************************************************



 NODE   VOLTAGE     NODE   VOLTAGE     NODE   VOLTAGE     NODE   VOLTAGE


($N_0001)    0.0000                   ($N_0002)    0.0000                   




    VOLTAGE SOURCE CURRENTS
    NAME         CURRENT

    V_V2         0.000E+00

    TOTAL POWER DISSIPATION   0.00E+00  WATTS



          JOB CONCLUDED

          TOTAL JOB TIME            0.00
