
**** 11/26/22 23:48:14 *********** Evaluation PSpice (Nov 1999) **************

 * C:\Users\User\Desktop\IEC LAB PSPIECE Data & Schematics\Schematics\4.sch


 ****     CIRCUIT DESCRIPTION


******************************************************************************




* Schematics Version 9.1 - Web Update 1
* Sat Nov 26 23:48:10 2022



** Analysis setup **
.tran 0ns 200ms
.OP 


* From [PSPICE NETLIST] section of pspiceev.ini:
.lib "nom.lib"

.INC "4.net"

**** INCLUDING 4.net ****
* Schematics Netlist *



C_C1         0 $N_0001  4u  
R_R1         $N_0002 $N_0001  8k  
V_V2         $N_0002 0  
+PULSE 0 40 0 0 0 1 

**** RESUMING 4.cir ****
.INC "4.als"



**** INCLUDING 4.als ****
* Schematics Aliases *

.ALIASES
C_C1            C1(1=0 2=$N_0001 )
R_R1            R1(1=$N_0002 2=$N_0001 )
V_V2            V2(+=$N_0002 -=0 )
.ENDALIASES


**** RESUMING 4.cir ****
.probe


.END

**** 11/26/22 23:48:14 *********** Evaluation PSpice (Nov 1999) **************

 * C:\Users\User\Desktop\IEC LAB PSPIECE Data & Schematics\Schematics\4.sch


 ****     SMALL SIGNAL BIAS SOLUTION       TEMPERATURE =   27.000 DEG C


******************************************************************************



 NODE   VOLTAGE     NODE   VOLTAGE     NODE   VOLTAGE     NODE   VOLTAGE


($N_0001)    0.0000                   ($N_0002)    0.0000                   




    VOLTAGE SOURCE CURRENTS
    NAME         CURRENT

    V_V2         0.000E+00

    TOTAL POWER DISSIPATION   0.00E+00  WATTS


**** 11/26/22 23:48:14 *********** Evaluation PSpice (Nov 1999) **************

 * C:\Users\User\Desktop\IEC LAB PSPIECE Data & Schematics\Schematics\4.sch


 ****     OPERATING POINT INFORMATION      TEMPERATURE =   27.000 DEG C


******************************************************************************




**** 11/26/22 23:48:14 *********** Evaluation PSpice (Nov 1999) **************

 * C:\Users\User\Desktop\IEC LAB PSPIECE Data & Schematics\Schematics\4.sch


 ****     INITIAL TRANSIENT SOLUTION       TEMPERATURE =   27.000 DEG C


******************************************************************************



 NODE   VOLTAGE     NODE   VOLTAGE     NODE   VOLTAGE     NODE   VOLTAGE


($N_0001)    0.0000                   ($N_0002)    0.0000                   




    VOLTAGE SOURCE CURRENTS
    NAME         CURRENT

    V_V2         0.000E+00

    TOTAL POWER DISSIPATION   0.00E+00  WATTS



          JOB CONCLUDED

          TOTAL JOB TIME             .03
