
**** 11/26/22 23:58:05 *********** Evaluation PSpice (Nov 1999) **************

 * C:\Users\User\Desktop\IEC LAB PSPIECE Data & Schematics\Schematics\5.sch


 ****     CIRCUIT DESCRIPTION


******************************************************************************




* Schematics Version 9.1 - Web Update 1
* Sat Nov 26 23:57:25 2022



** Analysis setup **
.tran 0ns 10ms
.OP 


* From [PSPICE NETLIST] section of pspiceev.ini:
.lib "nom.lib"

.INC "5.net"

**** INCLUDING 5.net ****
* Schematics Netlist *



R_R1         $N_0002 $N_0001  2k  
V_V1         $N_0002 0  
+PULSE 0 50 0 0 0 1 
L_L1         0 $N_0001  4H  

**** RESUMING 5.cir ****
.INC "5.als"



**** INCLUDING 5.als ****
* Schematics Aliases *

.ALIASES
R_R1            R1(1=$N_0002 2=$N_0001 )
V_V1            V1(+=$N_0002 -=0 )
L_L1            L1(1=0 2=$N_0001 )
.ENDALIASES


**** RESUMING 5.cir ****
.probe


.END

**** 11/26/22 23:58:05 *********** Evaluation PSpice (Nov 1999) **************

 * C:\Users\User\Desktop\IEC LAB PSPIECE Data & Schematics\Schematics\5.sch


 ****     SMALL SIGNAL BIAS SOLUTION       TEMPERATURE =   27.000 DEG C


******************************************************************************



 NODE   VOLTAGE     NODE   VOLTAGE     NODE   VOLTAGE     NODE   VOLTAGE


($N_0001)    0.0000                   ($N_0002)    0.0000                   




    VOLTAGE SOURCE CURRENTS
    NAME         CURRENT

    V_V1         0.000E+00

    TOTAL POWER DISSIPATION   0.00E+00  WATTS


**** 11/26/22 23:58:05 *********** Evaluation PSpice (Nov 1999) **************

 * C:\Users\User\Desktop\IEC LAB PSPIECE Data & Schematics\Schematics\5.sch


 ****     OPERATING POINT INFORMATION      TEMPERATURE =   27.000 DEG C


******************************************************************************




**** 11/26/22 23:58:05 *********** Evaluation PSpice (Nov 1999) **************

 * C:\Users\User\Desktop\IEC LAB PSPIECE Data & Schematics\Schematics\5.sch


 ****     INITIAL TRANSIENT SOLUTION       TEMPERATURE =   27.000 DEG C


******************************************************************************



 NODE   VOLTAGE     NODE   VOLTAGE     NODE   VOLTAGE     NODE   VOLTAGE


($N_0001)    0.0000                   ($N_0002)    0.0000                   




    VOLTAGE SOURCE CURRENTS
    NAME         CURRENT

    V_V1         0.000E+00

    TOTAL POWER DISSIPATION   0.00E+00  WATTS



          JOB CONCLUDED

          TOTAL JOB TIME             .02
