
**** 11/27/22 00:50:17 *********** Evaluation PSpice (Nov 1999) **************

 * C:\Users\User\Desktop\IEC LAB PSPIECE Data & Schematics\Schematics\8.sch


 ****     CIRCUIT DESCRIPTION


******************************************************************************




* Schematics Version 9.1 - Web Update 1
* Sun Nov 27 00:50:13 2022



** Analysis setup **
.OP 


* From [PSPICE NETLIST] section of pspiceev.ini:
.lib "nom.lib"

.INC "8.net"

**** INCLUDING 8.net ****
* Schematics Netlist *



V_V1         $N_0001 0 24V
R_R3         0 $N_0001  1.2k  
R_R2         0 $N_0001  0.22k  
R_R1         0 $N_0001  0.01k  

**** RESUMING 8.cir ****
.INC "8.als"



**** INCLUDING 8.als ****
* Schematics Aliases *

.ALIASES
V_V1            V1(+=$N_0001 -=0 )
R_R3            R3(1=0 2=$N_0001 )
R_R2            R2(1=0 2=$N_0001 )
R_R1            R1(1=0 2=$N_0001 )
.ENDALIASES


**** RESUMING 8.cir ****
.probe


.END

**** 11/27/22 00:50:17 *********** Evaluation PSpice (Nov 1999) **************

 * C:\Users\User\Desktop\IEC LAB PSPIECE Data & Schematics\Schematics\8.sch


 ****     SMALL SIGNAL BIAS SOLUTION       TEMPERATURE =   27.000 DEG C


******************************************************************************



 NODE   VOLTAGE     NODE   VOLTAGE     NODE   VOLTAGE     NODE   VOLTAGE


($N_0001)   24.0000                   




    VOLTAGE SOURCE CURRENTS
    NAME         CURRENT

    V_V1        -2.529E+00

    TOTAL POWER DISSIPATION   6.07E+01  WATTS


**** 11/27/22 00:50:17 *********** Evaluation PSpice (Nov 1999) **************

 * C:\Users\User\Desktop\IEC LAB PSPIECE Data & Schematics\Schematics\8.sch


 ****     OPERATING POINT INFORMATION      TEMPERATURE =   27.000 DEG C


******************************************************************************





          JOB CONCLUDED

          TOTAL JOB TIME            0.00
