
**** 11/27/22 16:43:42 *********** Evaluation PSpice (Nov 1999) **************

 * C:\Users\ASUS\OneDrive - American International University-Bangladesh\Desktop\IEC LAB PSPIECE Data & Schematics\Final Schematics\S


 ****     CIRCUIT DESCRIPTION


******************************************************************************




* Schematics Version 9.1 - Web Update 1
* Sun Nov 27 16:43:39 2022



** Analysis setup **
.tran 0ns 40ms
.OP 


* From [PSPICE NETLIST] section of pspiceev.ini:
.lib "nom.lib"

.INC "Schematic0.2.net"

**** INCLUDING Schematic0.2.net ****
* Schematics Netlist *



R_R1         $N_0002 $N_0001  8k  
V_V1         $N_0002 0  
+PULSE 0 10 0 0 0 1 
L_L1         0 $N_0001  50H  

**** RESUMING Schematic0.2.cir ****
.INC "Schematic0.2.als"



**** INCLUDING Schematic0.2.als ****
* Schematics Aliases *

.ALIASES
R_R1            R1(1=$N_0002 2=$N_0001 )
V_V1            V1(+=$N_0002 -=0 )
L_L1            L1(1=0 2=$N_0001 )
.ENDALIASES


**** RESUMING Schematic0.2.cir ****
.probe


.END

**** 11/27/22 16:43:42 *********** Evaluation PSpice (Nov 1999) **************

 * C:\Users\ASUS\OneDrive - American International University-Bangladesh\Desktop\IEC LAB PSPIECE Data & Schematics\Final Schematics\S


 ****     SMALL SIGNAL BIAS SOLUTION       TEMPERATURE =   27.000 DEG C


******************************************************************************



 NODE   VOLTAGE     NODE   VOLTAGE     NODE   VOLTAGE     NODE   VOLTAGE


($N_0001)    0.0000                   ($N_0002)    0.0000                   




    VOLTAGE SOURCE CURRENTS
    NAME         CURRENT

    V_V1         0.000E+00

    TOTAL POWER DISSIPATION   0.00E+00  WATTS


**** 11/27/22 16:43:42 *********** Evaluation PSpice (Nov 1999) **************

 * C:\Users\ASUS\OneDrive - American International University-Bangladesh\Desktop\IEC LAB PSPIECE Data & Schematics\Final Schematics\S


 ****     OPERATING POINT INFORMATION      TEMPERATURE =   27.000 DEG C


******************************************************************************




**** 11/27/22 16:43:42 *********** Evaluation PSpice (Nov 1999) **************

 * C:\Users\ASUS\OneDrive - American International University-Bangladesh\Desktop\IEC LAB PSPIECE Data & Schematics\Final Schematics\S


 ****     INITIAL TRANSIENT SOLUTION       TEMPERATURE =   27.000 DEG C


******************************************************************************



 NODE   VOLTAGE     NODE   VOLTAGE     NODE   VOLTAGE     NODE   VOLTAGE


($N_0001)    0.0000                   ($N_0002)    0.0000                   




    VOLTAGE SOURCE CURRENTS
    NAME         CURRENT

    V_V1         0.000E+00

    TOTAL POWER DISSIPATION   0.00E+00  WATTS



          JOB CONCLUDED

          TOTAL JOB TIME             .02
